{
  "stack": [
    "Error: connect ECONNREFUSED 127.0.0.1:3306",
    "TCPConnectWrap.afterConnect [as oncomplete] (net.js:1145:16)",
    "--------------------",
    "Protocol._enqueue (C:\\Workspace\\Node\\web-api-v3\\prices\\node_modules\\mysql\\lib\\protocol\\Protocol.js:144:48)",
    "Protocol.handshake (C:\\Workspace\\Node\\web-api-v3\\prices\\node_modules\\mysql\\lib\\protocol\\Protocol.js:51:23)",
    "PoolConnection.connect (C:\\Workspace\\Node\\web-api-v3\\prices\\node_modules\\mysql\\lib\\Connection.js:116:18)",
    "Pool.getConnection (C:\\Workspace\\Node\\web-api-v3\\prices\\node_modules\\mysql\\lib\\Pool.js:48:16)",
    "C:\\Workspace\\Node\\web-api-v3\\prices\\node_modules\\promise-mysql\\lib\\helper.js:26:45",
    "Promise._execute (C:\\Workspace\\Node\\web-api-v3\\prices\\node_modules\\bluebird\\js\\release\\debuggability.js:384:9)",
    "Promise._resolveFromExecutor (C:\\Workspace\\Node\\web-api-v3\\prices\\node_modules\\bluebird\\js\\release\\promise.js:518:18)",
    "new Promise (C:\\Workspace\\Node\\web-api-v3\\prices\\node_modules\\bluebird\\js\\release\\promise.js:103:10)",
    "Pool.promiseCallback (C:\\Workspace\\Node\\web-api-v3\\prices\\node_modules\\promise-mysql\\lib\\helper.js:8:16)",
    "pool.getConnection (C:\\Workspace\\Node\\web-api-v3\\prices\\node_modules\\promise-mysql\\lib\\pool.js:40:32)",
    "C:\\Workspace\\Node\\web-api-v3\\prices\\dist\\router.js:71:50"
  ],
  "message": "connect ECONNREFUSED 127.0.0.1:3306",
  "errno": -4078,
  "code": "ECONNREFUSED",
  "syscall": "connect",
  "address": "127.0.0.1",
  "port": 3306,
  "fatal": true,
  "level": "error",
  "timestamp": "2020-10-22T17:38:42.828Z"
}
{
  "stack": [
    "Error: ER_BAD_DB_ERROR: Unknown database 'general'",
    "Handshake.Sequence._packetToError (C:\\Workspace\\Node\\web-api-v3\\prices\\node_modules\\mysql\\lib\\protocol\\sequences\\Sequence.js:47:14)",
    "Handshake.ErrorPacket (C:\\Workspace\\Node\\web-api-v3\\prices\\node_modules\\mysql\\lib\\protocol\\sequences\\Handshake.js:123:18)",
    "Protocol._parsePacket (C:\\Workspace\\Node\\web-api-v3\\prices\\node_modules\\mysql\\lib\\protocol\\Protocol.js:291:23)",
    "Parser._parsePacket (C:\\Workspace\\Node\\web-api-v3\\prices\\node_modules\\mysql\\lib\\protocol\\Parser.js:433:10)",
    "Parser.write (C:\\Workspace\\Node\\web-api-v3\\prices\\node_modules\\mysql\\lib\\protocol\\Parser.js:43:10)",
    "Protocol.write (C:\\Workspace\\Node\\web-api-v3\\prices\\node_modules\\mysql\\lib\\protocol\\Protocol.js:38:16)",
    "Socket.<anonymous> (C:\\Workspace\\Node\\web-api-v3\\prices\\node_modules\\mysql\\lib\\Connection.js:88:28)",
    "Socket.<anonymous> (C:\\Workspace\\Node\\web-api-v3\\prices\\node_modules\\mysql\\lib\\Connection.js:526:10)",
    "Socket.emit (events.js:314:20)",
    "addChunk (_stream_readable.js:307:12)",
    "readableAddChunk (_stream_readable.js:282:9)",
    "Socket.Readable.push (_stream_readable.js:221:10)",
    "TCP.onStreamRead (internal/stream_base_commons.js:188:23)",
    "--------------------",
    "Protocol._enqueue (C:\\Workspace\\Node\\web-api-v3\\prices\\node_modules\\mysql\\lib\\protocol\\Protocol.js:144:48)",
    "Protocol.handshake (C:\\Workspace\\Node\\web-api-v3\\prices\\node_modules\\mysql\\lib\\protocol\\Protocol.js:51:23)",
    "PoolConnection.connect (C:\\Workspace\\Node\\web-api-v3\\prices\\node_modules\\mysql\\lib\\Connection.js:116:18)",
    "Pool.getConnection (C:\\Workspace\\Node\\web-api-v3\\prices\\node_modules\\mysql\\lib\\Pool.js:48:16)",
    "C:\\Workspace\\Node\\web-api-v3\\prices\\node_modules\\promise-mysql\\lib\\helper.js:26:45",
    "Promise._execute (C:\\Workspace\\Node\\web-api-v3\\prices\\node_modules\\bluebird\\js\\release\\debuggability.js:384:9)",
    "Promise._resolveFromExecutor (C:\\Workspace\\Node\\web-api-v3\\prices\\node_modules\\bluebird\\js\\release\\promise.js:518:18)",
    "new Promise (C:\\Workspace\\Node\\web-api-v3\\prices\\node_modules\\bluebird\\js\\release\\promise.js:103:10)",
    "Pool.promiseCallback (C:\\Workspace\\Node\\web-api-v3\\prices\\node_modules\\promise-mysql\\lib\\helper.js:8:16)",
    "pool.getConnection (C:\\Workspace\\Node\\web-api-v3\\prices\\node_modules\\promise-mysql\\lib\\pool.js:40:32)",
    "C:\\Workspace\\Node\\web-api-v3\\prices\\dist\\router.js:71:50"
  ],
  "message": "ER_BAD_DB_ERROR: Unknown database 'general'",
  "code": "ER_BAD_DB_ERROR",
  "errno": 1049,
  "sqlMessage": "Unknown database 'general'",
  "sqlState": "42000",
  "fatal": true,
  "level": "error",
  "timestamp": "2020-10-22T17:39:35.331Z"
}
{
  "stack": [
    "Error: ER_BAD_DB_ERROR: Unknown database 'general'",
    "Handshake.Sequence._packetToError (C:\\Workspace\\Node\\web-api-v3\\prices\\node_modules\\mysql\\lib\\protocol\\sequences\\Sequence.js:47:14)",
    "Handshake.ErrorPacket (C:\\Workspace\\Node\\web-api-v3\\prices\\node_modules\\mysql\\lib\\protocol\\sequences\\Handshake.js:123:18)",
    "Protocol._parsePacket (C:\\Workspace\\Node\\web-api-v3\\prices\\node_modules\\mysql\\lib\\protocol\\Protocol.js:291:23)",
    "Parser._parsePacket (C:\\Workspace\\Node\\web-api-v3\\prices\\node_modules\\mysql\\lib\\protocol\\Parser.js:433:10)",
    "Parser.write (C:\\Workspace\\Node\\web-api-v3\\prices\\node_modules\\mysql\\lib\\protocol\\Parser.js:43:10)",
    "Protocol.write (C:\\Workspace\\Node\\web-api-v3\\prices\\node_modules\\mysql\\lib\\protocol\\Protocol.js:38:16)",
    "Socket.<anonymous> (C:\\Workspace\\Node\\web-api-v3\\prices\\node_modules\\mysql\\lib\\Connection.js:88:28)",
    "Socket.<anonymous> (C:\\Workspace\\Node\\web-api-v3\\prices\\node_modules\\mysql\\lib\\Connection.js:526:10)",
    "Socket.emit (events.js:314:20)",
    "addChunk (_stream_readable.js:307:12)",
    "readableAddChunk (_stream_readable.js:282:9)",
    "Socket.Readable.push (_stream_readable.js:221:10)",
    "TCP.onStreamRead (internal/stream_base_commons.js:188:23)",
    "--------------------",
    "Protocol._enqueue (C:\\Workspace\\Node\\web-api-v3\\prices\\node_modules\\mysql\\lib\\protocol\\Protocol.js:144:48)",
    "Protocol.handshake (C:\\Workspace\\Node\\web-api-v3\\prices\\node_modules\\mysql\\lib\\protocol\\Protocol.js:51:23)",
    "PoolConnection.connect (C:\\Workspace\\Node\\web-api-v3\\prices\\node_modules\\mysql\\lib\\Connection.js:116:18)",
    "Pool.getConnection (C:\\Workspace\\Node\\web-api-v3\\prices\\node_modules\\mysql\\lib\\Pool.js:48:16)",
    "C:\\Workspace\\Node\\web-api-v3\\prices\\node_modules\\promise-mysql\\lib\\helper.js:26:45",
    "Promise._execute (C:\\Workspace\\Node\\web-api-v3\\prices\\node_modules\\bluebird\\js\\release\\debuggability.js:384:9)",
    "Promise._resolveFromExecutor (C:\\Workspace\\Node\\web-api-v3\\prices\\node_modules\\bluebird\\js\\release\\promise.js:518:18)",
    "new Promise (C:\\Workspace\\Node\\web-api-v3\\prices\\node_modules\\bluebird\\js\\release\\promise.js:103:10)",
    "Pool.promiseCallback (C:\\Workspace\\Node\\web-api-v3\\prices\\node_modules\\promise-mysql\\lib\\helper.js:8:16)",
    "pool.getConnection (C:\\Workspace\\Node\\web-api-v3\\prices\\node_modules\\promise-mysql\\lib\\pool.js:40:32)",
    "C:\\Workspace\\Node\\web-api-v3\\prices\\dist\\router.js:71:50"
  ],
  "message": "ER_BAD_DB_ERROR: Unknown database 'general'",
  "code": "ER_BAD_DB_ERROR",
  "errno": 1049,
  "sqlMessage": "Unknown database 'general'",
  "sqlState": "42000",
  "fatal": true,
  "level": "error",
  "timestamp": "2020-10-22T17:39:38.973Z"
}
{
  "stack": [
    "Error: ER_NO_SUCH_TABLE: Table 'general.currencies' doesn't exist",
    "Query.Sequence._packetToError (C:\\Workspace\\Node\\web-api-v3\\prices\\node_modules\\mysql\\lib\\protocol\\sequences\\Sequence.js:47:14)",
    "Query.ErrorPacket (C:\\Workspace\\Node\\web-api-v3\\prices\\node_modules\\mysql\\lib\\protocol\\sequences\\Query.js:79:18)",
    "Protocol._parsePacket (C:\\Workspace\\Node\\web-api-v3\\prices\\node_modules\\mysql\\lib\\protocol\\Protocol.js:291:23)",
    "Parser._parsePacket (C:\\Workspace\\Node\\web-api-v3\\prices\\node_modules\\mysql\\lib\\protocol\\Parser.js:433:10)",
    "Parser.write (C:\\Workspace\\Node\\web-api-v3\\prices\\node_modules\\mysql\\lib\\protocol\\Parser.js:43:10)",
    "Protocol.write (C:\\Workspace\\Node\\web-api-v3\\prices\\node_modules\\mysql\\lib\\protocol\\Protocol.js:38:16)",
    "Socket.<anonymous> (C:\\Workspace\\Node\\web-api-v3\\prices\\node_modules\\mysql\\lib\\Connection.js:88:28)",
    "Socket.<anonymous> (C:\\Workspace\\Node\\web-api-v3\\prices\\node_modules\\mysql\\lib\\Connection.js:526:10)",
    "Socket.emit (events.js:314:20)",
    "addChunk (_stream_readable.js:307:12)",
    "readableAddChunk (_stream_readable.js:282:9)",
    "Socket.Readable.push (_stream_readable.js:221:10)",
    "TCP.onStreamRead (internal/stream_base_commons.js:188:23)",
    "--------------------",
    "Protocol._enqueue (C:\\Workspace\\Node\\web-api-v3\\prices\\node_modules\\mysql\\lib\\protocol\\Protocol.js:144:48)",
    "PoolConnection.query (C:\\Workspace\\Node\\web-api-v3\\prices\\node_modules\\mysql\\lib\\Connection.js:198:25)",
    "C:\\Workspace\\Node\\web-api-v3\\prices\\node_modules\\promise-mysql\\lib\\helper.js:26:45",
    "Promise._execute (C:\\Workspace\\Node\\web-api-v3\\prices\\node_modules\\bluebird\\js\\release\\debuggability.js:384:9)",
    "Promise._resolveFromExecutor (C:\\Workspace\\Node\\web-api-v3\\prices\\node_modules\\bluebird\\js\\release\\promise.js:518:18)",
    "new Promise (C:\\Workspace\\Node\\web-api-v3\\prices\\node_modules\\bluebird\\js\\release\\promise.js:103:10)",
    "PoolConnection.promiseCallback (C:\\Workspace\\Node\\web-api-v3\\prices\\node_modules\\promise-mysql\\lib\\helper.js:8:16)",
    "poolConnection.query (C:\\Workspace\\Node\\web-api-v3\\prices\\node_modules\\promise-mysql\\lib\\connection.js:55:32)",
    "lookupPrice (C:\\Workspace\\Node\\web-api-v3\\prices\\dist\\old-prices.js:724:35)",
    "Object.exports.oldGetPrices (C:\\Workspace\\Node\\web-api-v3\\prices\\dist\\old-prices.js:216:30)",
    "C:\\Workspace\\Node\\web-api-v3\\prices\\dist\\router.js:92:41"
  ],
  "message": "ER_NO_SUCH_TABLE: Table 'general.currencies' doesn't exist",
  "code": "ER_NO_SUCH_TABLE",
  "errno": 1146,
  "sqlMessage": "Table 'general.currencies' doesn't exist",
  "sqlState": "42S02",
  "index": 0,
  "sql": "\nSELECT\n  p.id,\n  p.course_code,\n  p.country_code,\n  p.province_code,\n  p.no_shipping,\n  p.currency_code,\n  p.cost,\n  p.discount,\n  p.accelerated_discount,\n  p.minimum_deposit,\n  p.installments,\n  p.accelerated_installments,\n  p.secondary_discount,\n  c.symbol AS currency_symbol,\n  c.name AS currency_name,\n  c.exchange AS exchange_rate,\n  d.name as course_name\nFROM\n  prices p\nLEFT JOIN\n  currencies c ON c.code = p.currency_code\nLEFT JOIN\n  courses d ON d.code = p.course_code\nWHERE\n  NOT p.enabled = 0 AND (course_code = 'MZ' AND country_code = 'CA' AND province_code = 'ON')",
  "level": "error",
  "timestamp": "2020-10-22T18:07:20.897Z"
}
{
  "stack": [
    "Error: ER_BAD_FIELD_ERROR: Unknown column 'p.code' in 'field list'",
    "Query.Sequence._packetToError (C:\\Workspace\\Node\\web-api-v3\\prices\\node_modules\\mysql\\lib\\protocol\\sequences\\Sequence.js:47:14)",
    "Query.ErrorPacket (C:\\Workspace\\Node\\web-api-v3\\prices\\node_modules\\mysql\\lib\\protocol\\sequences\\Query.js:79:18)",
    "Protocol._parsePacket (C:\\Workspace\\Node\\web-api-v3\\prices\\node_modules\\mysql\\lib\\protocol\\Protocol.js:291:23)",
    "Parser._parsePacket (C:\\Workspace\\Node\\web-api-v3\\prices\\node_modules\\mysql\\lib\\protocol\\Parser.js:433:10)",
    "Parser.write (C:\\Workspace\\Node\\web-api-v3\\prices\\node_modules\\mysql\\lib\\protocol\\Parser.js:43:10)",
    "Protocol.write (C:\\Workspace\\Node\\web-api-v3\\prices\\node_modules\\mysql\\lib\\protocol\\Protocol.js:38:16)",
    "Socket.<anonymous> (C:\\Workspace\\Node\\web-api-v3\\prices\\node_modules\\mysql\\lib\\Connection.js:88:28)",
    "Socket.<anonymous> (C:\\Workspace\\Node\\web-api-v3\\prices\\node_modules\\mysql\\lib\\Connection.js:526:10)",
    "Socket.emit (events.js:314:20)",
    "addChunk (_stream_readable.js:307:12)",
    "readableAddChunk (_stream_readable.js:282:9)",
    "Socket.Readable.push (_stream_readable.js:221:10)",
    "TCP.onStreamRead (internal/stream_base_commons.js:188:23)",
    "--------------------",
    "Protocol._enqueue (C:\\Workspace\\Node\\web-api-v3\\prices\\node_modules\\mysql\\lib\\protocol\\Protocol.js:144:48)",
    "PoolConnection.query (C:\\Workspace\\Node\\web-api-v3\\prices\\node_modules\\mysql\\lib\\Connection.js:198:25)",
    "C:\\Workspace\\Node\\web-api-v3\\prices\\node_modules\\promise-mysql\\lib\\helper.js:26:45",
    "Promise._execute (C:\\Workspace\\Node\\web-api-v3\\prices\\node_modules\\bluebird\\js\\release\\debuggability.js:384:9)",
    "Promise._resolveFromExecutor (C:\\Workspace\\Node\\web-api-v3\\prices\\node_modules\\bluebird\\js\\release\\promise.js:518:18)",
    "new Promise (C:\\Workspace\\Node\\web-api-v3\\prices\\node_modules\\bluebird\\js\\release\\promise.js:103:10)",
    "PoolConnection.promiseCallback (C:\\Workspace\\Node\\web-api-v3\\prices\\node_modules\\promise-mysql\\lib\\helper.js:8:16)",
    "poolConnection.query (C:\\Workspace\\Node\\web-api-v3\\prices\\node_modules\\promise-mysql\\lib\\connection.js:55:32)",
    "Object.lookupPriceByCountryAndProvince (C:\\Workspace\\Node\\web-api-v3\\prices\\dist\\price-lookups.js:33:33)",
    "Object.exports.lookupPrice (C:\\Workspace\\Node\\web-api-v3\\prices\\dist\\prices.js:490:40)",
    "C:\\Workspace\\Node\\web-api-v3\\prices\\dist\\prices.js:193:74",
    "Array.map (<anonymous>)",
    "Object.getPrices (C:\\Workspace\\Node\\web-api-v3\\prices\\dist\\prices.js:193:50)",
    "C:\\Workspace\\Node\\web-api-v3\\prices\\dist\\router.js:96:37"
  ],
  "message": "ER_BAD_FIELD_ERROR: Unknown column 'p.code' in 'field list'",
  "code": "ER_BAD_FIELD_ERROR",
  "errno": 1054,
  "sqlMessage": "Unknown column 'p.code' in 'field list'",
  "sqlState": "42S22",
  "index": 0,
  "sql": "\nSELECT\n  p.code,\n  p.currency_code currencyCode,\n  p.cost,\n  p.secondary_discount multiCourseDiscountRate,\n  p.discount,\n  p.deposit,\n  p.installments,\n  p.course_code courseCode,\n  c.name courseName,\n  p.shipping\nFROM\n  prices p\nLEFT JOIN\n  courses c ON c.code = p.course_code\nWHERE\n  NOT p.enabled = 0 AND p.course_code = 'MZ' AND country_code = 'CA' AND province_code = 'ON'",
  "level": "error",
  "timestamp": "2020-10-29T17:05:21.532Z"
}
{
  "stack": [
    "Error: ER_BAD_FIELD_ERROR: Unknown column 'p.code' in 'field list'",
    "Query.Sequence._packetToError (C:\\Workspace\\Node\\web-api-v3\\prices\\node_modules\\mysql\\lib\\protocol\\sequences\\Sequence.js:47:14)",
    "Query.ErrorPacket (C:\\Workspace\\Node\\web-api-v3\\prices\\node_modules\\mysql\\lib\\protocol\\sequences\\Query.js:79:18)",
    "Protocol._parsePacket (C:\\Workspace\\Node\\web-api-v3\\prices\\node_modules\\mysql\\lib\\protocol\\Protocol.js:291:23)",
    "Parser._parsePacket (C:\\Workspace\\Node\\web-api-v3\\prices\\node_modules\\mysql\\lib\\protocol\\Parser.js:433:10)",
    "Parser.write (C:\\Workspace\\Node\\web-api-v3\\prices\\node_modules\\mysql\\lib\\protocol\\Parser.js:43:10)",
    "Protocol.write (C:\\Workspace\\Node\\web-api-v3\\prices\\node_modules\\mysql\\lib\\protocol\\Protocol.js:38:16)",
    "Socket.<anonymous> (C:\\Workspace\\Node\\web-api-v3\\prices\\node_modules\\mysql\\lib\\Connection.js:88:28)",
    "Socket.<anonymous> (C:\\Workspace\\Node\\web-api-v3\\prices\\node_modules\\mysql\\lib\\Connection.js:526:10)",
    "Socket.emit (events.js:314:20)",
    "addChunk (_stream_readable.js:307:12)",
    "readableAddChunk (_stream_readable.js:282:9)",
    "Socket.Readable.push (_stream_readable.js:221:10)",
    "TCP.onStreamRead (internal/stream_base_commons.js:188:23)",
    "--------------------",
    "Protocol._enqueue (C:\\Workspace\\Node\\web-api-v3\\prices\\node_modules\\mysql\\lib\\protocol\\Protocol.js:144:48)",
    "PoolConnection.query (C:\\Workspace\\Node\\web-api-v3\\prices\\node_modules\\mysql\\lib\\Connection.js:198:25)",
    "C:\\Workspace\\Node\\web-api-v3\\prices\\node_modules\\promise-mysql\\lib\\helper.js:26:45",
    "Promise._execute (C:\\Workspace\\Node\\web-api-v3\\prices\\node_modules\\bluebird\\js\\release\\debuggability.js:384:9)",
    "Promise._resolveFromExecutor (C:\\Workspace\\Node\\web-api-v3\\prices\\node_modules\\bluebird\\js\\release\\promise.js:518:18)",
    "new Promise (C:\\Workspace\\Node\\web-api-v3\\prices\\node_modules\\bluebird\\js\\release\\promise.js:103:10)",
    "PoolConnection.promiseCallback (C:\\Workspace\\Node\\web-api-v3\\prices\\node_modules\\promise-mysql\\lib\\helper.js:8:16)",
    "poolConnection.query (C:\\Workspace\\Node\\web-api-v3\\prices\\node_modules\\promise-mysql\\lib\\connection.js:55:32)",
    "Object.lookupPriceByCountryAndProvince (C:\\Workspace\\Node\\web-api-v3\\prices\\dist\\price-lookups.js:33:33)",
    "Object.exports.lookupPrice (C:\\Workspace\\Node\\web-api-v3\\prices\\dist\\prices.js:490:40)",
    "C:\\Workspace\\Node\\web-api-v3\\prices\\dist\\prices.js:193:74",
    "Array.map (<anonymous>)",
    "Object.getPrices (C:\\Workspace\\Node\\web-api-v3\\prices\\dist\\prices.js:193:50)",
    "C:\\Workspace\\Node\\web-api-v3\\prices\\dist\\router.js:96:37"
  ],
  "message": "ER_BAD_FIELD_ERROR: Unknown column 'p.code' in 'field list'",
  "code": "ER_BAD_FIELD_ERROR",
  "errno": 1054,
  "sqlMessage": "Unknown column 'p.code' in 'field list'",
  "sqlState": "42S22",
  "index": 0,
  "sql": "\nSELECT\n  p.code,\n  p.currency_code currencyCode,\n  p.cost,\n  p.secondary_discount multiCourseDiscountRate,\n  p.discount,\n  p.deposit,\n  p.installments,\n  p.course_code courseCode,\n  c.name courseName,\n  p.shipping\nFROM\n  prices p\nLEFT JOIN\n  courses c ON c.code = p.course_code\nWHERE\n  NOT p.enabled = 0 AND p.course_code = 'MZ' AND country_code = 'CA' AND province_code = 'ON'",
  "level": "error",
  "timestamp": "2020-10-29T17:05:46.300Z"
}
{
  "stack": [
    "Error: ER_BAD_FIELD_ERROR: Unknown column 'p.code' in 'field list'",
    "Query.Sequence._packetToError (C:\\Workspace\\Node\\web-api-v3\\prices\\node_modules\\mysql\\lib\\protocol\\sequences\\Sequence.js:47:14)",
    "Query.ErrorPacket (C:\\Workspace\\Node\\web-api-v3\\prices\\node_modules\\mysql\\lib\\protocol\\sequences\\Query.js:79:18)",
    "Protocol._parsePacket (C:\\Workspace\\Node\\web-api-v3\\prices\\node_modules\\mysql\\lib\\protocol\\Protocol.js:291:23)",
    "Parser._parsePacket (C:\\Workspace\\Node\\web-api-v3\\prices\\node_modules\\mysql\\lib\\protocol\\Parser.js:433:10)",
    "Parser.write (C:\\Workspace\\Node\\web-api-v3\\prices\\node_modules\\mysql\\lib\\protocol\\Parser.js:43:10)",
    "Protocol.write (C:\\Workspace\\Node\\web-api-v3\\prices\\node_modules\\mysql\\lib\\protocol\\Protocol.js:38:16)",
    "Socket.<anonymous> (C:\\Workspace\\Node\\web-api-v3\\prices\\node_modules\\mysql\\lib\\Connection.js:88:28)",
    "Socket.<anonymous> (C:\\Workspace\\Node\\web-api-v3\\prices\\node_modules\\mysql\\lib\\Connection.js:526:10)",
    "Socket.emit (events.js:314:20)",
    "addChunk (_stream_readable.js:307:12)",
    "readableAddChunk (_stream_readable.js:282:9)",
    "Socket.Readable.push (_stream_readable.js:221:10)",
    "TCP.onStreamRead (internal/stream_base_commons.js:188:23)",
    "--------------------",
    "Protocol._enqueue (C:\\Workspace\\Node\\web-api-v3\\prices\\node_modules\\mysql\\lib\\protocol\\Protocol.js:144:48)",
    "PoolConnection.query (C:\\Workspace\\Node\\web-api-v3\\prices\\node_modules\\mysql\\lib\\Connection.js:198:25)",
    "C:\\Workspace\\Node\\web-api-v3\\prices\\node_modules\\promise-mysql\\lib\\helper.js:26:45",
    "Promise._execute (C:\\Workspace\\Node\\web-api-v3\\prices\\node_modules\\bluebird\\js\\release\\debuggability.js:384:9)",
    "Promise._resolveFromExecutor (C:\\Workspace\\Node\\web-api-v3\\prices\\node_modules\\bluebird\\js\\release\\promise.js:518:18)",
    "new Promise (C:\\Workspace\\Node\\web-api-v3\\prices\\node_modules\\bluebird\\js\\release\\promise.js:103:10)",
    "PoolConnection.promiseCallback (C:\\Workspace\\Node\\web-api-v3\\prices\\node_modules\\promise-mysql\\lib\\helper.js:8:16)",
    "poolConnection.query (C:\\Workspace\\Node\\web-api-v3\\prices\\node_modules\\promise-mysql\\lib\\connection.js:55:32)",
    "Object.lookupPriceByCountryAndProvince (C:\\Workspace\\Node\\web-api-v3\\prices\\dist\\price-lookups.js:33:33)",
    "Object.exports.lookupPrice (C:\\Workspace\\Node\\web-api-v3\\prices\\dist\\prices.js:467:40)",
    "C:\\Workspace\\Node\\web-api-v3\\prices\\dist\\prices.js:88:74",
    "Array.map (<anonymous>)",
    "Object.getPrices (C:\\Workspace\\Node\\web-api-v3\\prices\\dist\\prices.js:88:50)",
    "C:\\Workspace\\Node\\web-api-v3\\prices\\dist\\router.js:96:37"
  ],
  "message": "ER_BAD_FIELD_ERROR: Unknown column 'p.code' in 'field list'",
  "code": "ER_BAD_FIELD_ERROR",
  "errno": 1054,
  "sqlMessage": "Unknown column 'p.code' in 'field list'",
  "sqlState": "42S22",
  "index": 0,
  "sql": "\nSELECT\n  p.code,\n  p.currency_code currencyCode,\n  p.cost,\n  p.secondary_discount multiCourseDiscountRate,\n  p.discount,\n  p.deposit,\n  p.installments,\n  p.course_code courseCode,\n  c.name courseName,\n  p.shipping\nFROM\n  prices p\nLEFT JOIN\n  courses c ON c.code = p.course_code\nWHERE\n  NOT p.enabled = 0 AND p.course_code = 'MZ' AND country_code = 'CA' AND province_code = 'ON'",
  "level": "error",
  "timestamp": "2020-10-29T17:06:28.794Z"
}
{
  "stack": [
    "Error: ER_BAD_FIELD_ERROR: Unknown column 'p.code' in 'field list'",
    "Query.Sequence._packetToError (C:\\Workspace\\Node\\web-api-v3\\prices\\node_modules\\mysql\\lib\\protocol\\sequences\\Sequence.js:47:14)",
    "Query.ErrorPacket (C:\\Workspace\\Node\\web-api-v3\\prices\\node_modules\\mysql\\lib\\protocol\\sequences\\Query.js:79:18)",
    "Protocol._parsePacket (C:\\Workspace\\Node\\web-api-v3\\prices\\node_modules\\mysql\\lib\\protocol\\Protocol.js:291:23)",
    "Parser._parsePacket (C:\\Workspace\\Node\\web-api-v3\\prices\\node_modules\\mysql\\lib\\protocol\\Parser.js:433:10)",
    "Parser.write (C:\\Workspace\\Node\\web-api-v3\\prices\\node_modules\\mysql\\lib\\protocol\\Parser.js:43:10)",
    "Protocol.write (C:\\Workspace\\Node\\web-api-v3\\prices\\node_modules\\mysql\\lib\\protocol\\Protocol.js:38:16)",
    "Socket.<anonymous> (C:\\Workspace\\Node\\web-api-v3\\prices\\node_modules\\mysql\\lib\\Connection.js:88:28)",
    "Socket.<anonymous> (C:\\Workspace\\Node\\web-api-v3\\prices\\node_modules\\mysql\\lib\\Connection.js:526:10)",
    "Socket.emit (events.js:314:20)",
    "addChunk (_stream_readable.js:307:12)",
    "readableAddChunk (_stream_readable.js:282:9)",
    "Socket.Readable.push (_stream_readable.js:221:10)",
    "TCP.onStreamRead (internal/stream_base_commons.js:188:23)",
    "--------------------",
    "Protocol._enqueue (C:\\Workspace\\Node\\web-api-v3\\prices\\node_modules\\mysql\\lib\\protocol\\Protocol.js:144:48)",
    "PoolConnection.query (C:\\Workspace\\Node\\web-api-v3\\prices\\node_modules\\mysql\\lib\\Connection.js:198:25)",
    "C:\\Workspace\\Node\\web-api-v3\\prices\\node_modules\\promise-mysql\\lib\\helper.js:26:45",
    "Promise._execute (C:\\Workspace\\Node\\web-api-v3\\prices\\node_modules\\bluebird\\js\\release\\debuggability.js:384:9)",
    "Promise._resolveFromExecutor (C:\\Workspace\\Node\\web-api-v3\\prices\\node_modules\\bluebird\\js\\release\\promise.js:518:18)",
    "new Promise (C:\\Workspace\\Node\\web-api-v3\\prices\\node_modules\\bluebird\\js\\release\\promise.js:103:10)",
    "PoolConnection.promiseCallback (C:\\Workspace\\Node\\web-api-v3\\prices\\node_modules\\promise-mysql\\lib\\helper.js:8:16)",
    "poolConnection.query (C:\\Workspace\\Node\\web-api-v3\\prices\\node_modules\\promise-mysql\\lib\\connection.js:55:32)",
    "Object.lookupPriceByCountryAndProvince (C:\\Workspace\\Node\\web-api-v3\\prices\\dist\\price-lookups.js:33:33)",
    "Object.exports.lookupPrice (C:\\Workspace\\Node\\web-api-v3\\prices\\dist\\prices.js:467:40)",
    "C:\\Workspace\\Node\\web-api-v3\\prices\\dist\\prices.js:88:74",
    "Array.map (<anonymous>)",
    "Object.getPrices (C:\\Workspace\\Node\\web-api-v3\\prices\\dist\\prices.js:88:50)",
    "C:\\Workspace\\Node\\web-api-v3\\prices\\dist\\router.js:96:37"
  ],
  "message": "ER_BAD_FIELD_ERROR: Unknown column 'p.code' in 'field list'",
  "code": "ER_BAD_FIELD_ERROR",
  "errno": 1054,
  "sqlMessage": "Unknown column 'p.code' in 'field list'",
  "sqlState": "42S22",
  "index": 0,
  "sql": "\nSELECT\n  p.code,\n  p.currency_code currencyCode,\n  p.cost,\n  p.secondary_discount multiCourseDiscountRate,\n  p.discount,\n  p.deposit,\n  p.installments,\n  p.course_code courseCode,\n  c.name courseName,\n  p.shipping\nFROM\n  prices p\nLEFT JOIN\n  courses c ON c.code = p.course_code\nWHERE\n  NOT p.enabled = 0 AND p.course_code = 'MZ' AND country_code = 'CA' AND province_code = 'ON'",
  "level": "error",
  "timestamp": "2020-10-29T17:06:34.925Z"
}
{
  "stack": [
    "Error: ER_BAD_FIELD_ERROR: Unknown column 'p.code' in 'field list'",
    "Query.Sequence._packetToError (C:\\Workspace\\Node\\web-api-v3\\prices\\node_modules\\mysql\\lib\\protocol\\sequences\\Sequence.js:47:14)",
    "Query.ErrorPacket (C:\\Workspace\\Node\\web-api-v3\\prices\\node_modules\\mysql\\lib\\protocol\\sequences\\Query.js:79:18)",
    "Protocol._parsePacket (C:\\Workspace\\Node\\web-api-v3\\prices\\node_modules\\mysql\\lib\\protocol\\Protocol.js:291:23)",
    "Parser._parsePacket (C:\\Workspace\\Node\\web-api-v3\\prices\\node_modules\\mysql\\lib\\protocol\\Parser.js:433:10)",
    "Parser.write (C:\\Workspace\\Node\\web-api-v3\\prices\\node_modules\\mysql\\lib\\protocol\\Parser.js:43:10)",
    "Protocol.write (C:\\Workspace\\Node\\web-api-v3\\prices\\node_modules\\mysql\\lib\\protocol\\Protocol.js:38:16)",
    "Socket.<anonymous> (C:\\Workspace\\Node\\web-api-v3\\prices\\node_modules\\mysql\\lib\\Connection.js:88:28)",
    "Socket.<anonymous> (C:\\Workspace\\Node\\web-api-v3\\prices\\node_modules\\mysql\\lib\\Connection.js:526:10)",
    "Socket.emit (events.js:314:20)",
    "addChunk (_stream_readable.js:307:12)",
    "readableAddChunk (_stream_readable.js:282:9)",
    "Socket.Readable.push (_stream_readable.js:221:10)",
    "TCP.onStreamRead (internal/stream_base_commons.js:188:23)",
    "--------------------",
    "Protocol._enqueue (C:\\Workspace\\Node\\web-api-v3\\prices\\node_modules\\mysql\\lib\\protocol\\Protocol.js:144:48)",
    "PoolConnection.query (C:\\Workspace\\Node\\web-api-v3\\prices\\node_modules\\mysql\\lib\\Connection.js:198:25)",
    "C:\\Workspace\\Node\\web-api-v3\\prices\\node_modules\\promise-mysql\\lib\\helper.js:26:45",
    "Promise._execute (C:\\Workspace\\Node\\web-api-v3\\prices\\node_modules\\bluebird\\js\\release\\debuggability.js:384:9)",
    "Promise._resolveFromExecutor (C:\\Workspace\\Node\\web-api-v3\\prices\\node_modules\\bluebird\\js\\release\\promise.js:518:18)",
    "new Promise (C:\\Workspace\\Node\\web-api-v3\\prices\\node_modules\\bluebird\\js\\release\\promise.js:103:10)",
    "PoolConnection.promiseCallback (C:\\Workspace\\Node\\web-api-v3\\prices\\node_modules\\promise-mysql\\lib\\helper.js:8:16)",
    "poolConnection.query (C:\\Workspace\\Node\\web-api-v3\\prices\\node_modules\\promise-mysql\\lib\\connection.js:55:32)",
    "Object.lookupPriceByCountryAndProvince (C:\\Workspace\\Node\\web-api-v3\\prices\\dist\\price-lookups.js:33:33)",
    "Object.exports.lookupPrice (C:\\Workspace\\Node\\web-api-v3\\prices\\dist\\prices.js:467:40)",
    "C:\\Workspace\\Node\\web-api-v3\\prices\\dist\\prices.js:88:74",
    "Array.map (<anonymous>)",
    "Object.getPrices (C:\\Workspace\\Node\\web-api-v3\\prices\\dist\\prices.js:88:50)",
    "C:\\Workspace\\Node\\web-api-v3\\prices\\dist\\router.js:96:37"
  ],
  "message": "ER_BAD_FIELD_ERROR: Unknown column 'p.code' in 'field list'",
  "code": "ER_BAD_FIELD_ERROR",
  "errno": 1054,
  "sqlMessage": "Unknown column 'p.code' in 'field list'",
  "sqlState": "42S22",
  "index": 0,
  "sql": "\nSELECT\n  p.code,\n  p.currency_code currencyCode,\n  p.cost,\n  p.secondary_discount multiCourseDiscountRate,\n  p.discount,\n  p.deposit,\n  p.installments,\n  p.course_code courseCode,\n  c.name courseName,\n  p.shipping\nFROM\n  prices p\nLEFT JOIN\n  courses c ON c.code = p.course_code\nWHERE\n  NOT p.enabled = 0 AND p.course_code = 'MZ' AND country_code = 'CA' AND province_code = 'ON'",
  "level": "error",
  "timestamp": "2020-10-29T17:06:35.867Z"
}
{
  "stack": [
    "TypeError: Cannot read property 'plans' of undefined",
    "collateResults (C:\\Workspace\\Node\\web-api-v3\\prices\\dist\\prices.js:223:44)",
    "Object.getPrices (C:\\Workspace\\Node\\web-api-v3\\prices\\dist\\prices.js:110:12)",
    "async C:\\Workspace\\Node\\web-api-v3\\prices\\dist\\router.js:96:22"
  ],
  "message": "Cannot read property 'plans' of undefined",
  "level": "error",
  "timestamp": "2020-10-29T17:44:07.127Z"
}
{
  "stack": [
    "InternalServerError: Invalid price calculation",
    "new HttpResponse (C:\\Workspace\\Node\\web-api-v3\\prices\\node_modules\\@qccareerschool\\http-status\\dist\\index.js:86:15)",
    "new InternalServerError (C:\\Workspace\\Node\\web-api-v3\\prices\\node_modules\\@qccareerschool\\http-status\\dist\\index.js:203:13)",
    "calculatePrices (C:\\Workspace\\Node\\web-api-v3\\prices\\dist\\prices.js:364:19)",
    "Array.map (<anonymous>)",
    "Object.getPrices (C:\\Workspace\\Node\\web-api-v3\\prices\\dist\\prices.js:116:10)",
    "async C:\\Workspace\\Node\\web-api-v3\\prices\\dist\\router.js:96:22"
  ],
  "message": "Invalid price calculation",
  "statusCode": 500,
  "name": "InternalServerError",
  "level": "error",
  "timestamp": "2020-10-29T21:45:33.681Z"
}
{
  "stack": [
    "InternalServerError: Invalid price calculation",
    "new HttpResponse (C:\\Workspace\\Node\\web-api-v3\\prices\\node_modules\\@qccareerschool\\http-status\\dist\\index.js:86:15)",
    "new InternalServerError (C:\\Workspace\\Node\\web-api-v3\\prices\\node_modules\\@qccareerschool\\http-status\\dist\\index.js:203:13)",
    "calculatePrices (C:\\Workspace\\Node\\web-api-v3\\prices\\dist\\prices.js:365:19)",
    "Array.map (<anonymous>)",
    "Object.getPrices (C:\\Workspace\\Node\\web-api-v3\\prices\\dist\\prices.js:116:10)",
    "async C:\\Workspace\\Node\\web-api-v3\\prices\\dist\\router.js:96:22"
  ],
  "message": "Invalid price calculation",
  "statusCode": 500,
  "name": "InternalServerError",
  "level": "error",
  "timestamp": "2020-10-29T21:46:37.409Z"
}
{
  "stack": [
    "InternalServerError: Invalid price calculation",
    "new HttpResponse (C:\\Workspace\\Node\\web-api-v3\\prices\\node_modules\\@qccareerschool\\http-status\\dist\\index.js:86:15)",
    "new InternalServerError (C:\\Workspace\\Node\\web-api-v3\\prices\\node_modules\\@qccareerschool\\http-status\\dist\\index.js:203:13)",
    "calculatePrices (C:\\Workspace\\Node\\web-api-v3\\prices\\dist\\prices.js:365:19)",
    "Array.map (<anonymous>)",
    "Object.getPrices (C:\\Workspace\\Node\\web-api-v3\\prices\\dist\\prices.js:116:10)",
    "async C:\\Workspace\\Node\\web-api-v3\\prices\\dist\\router.js:96:22"
  ],
  "message": "Invalid price calculation",
  "statusCode": 500,
  "name": "InternalServerError",
  "level": "error",
  "timestamp": "2020-10-29T21:47:20.002Z"
}
{
  "stack": [
    "ReferenceError: Cannot access 'freeCourses' before initialization",
    "C:\\Workspace\\Node\\web-api-v3\\prices\\dist\\prices.js:90:23",
    "Array.sort (<anonymous>)",
    "Object.getPrices (C:\\Workspace\\Node\\web-api-v3\\prices\\dist\\prices.js:89:10)",
    "async C:\\Workspace\\Node\\web-api-v3\\prices\\dist\\router.js:96:22"
  ],
  "message": "Cannot access 'freeCourses' before initialization",
  "level": "error",
  "timestamp": "2020-10-29T21:52:54.358Z"
}
